# JRE version: OpenJDK Runtime Environment (17.0.10) (build 17.0.10+0--11572160)
# Java VM: OpenJDK 64-Bit Server VM (17.0.10+0--11572160, mixed mode, tiered, compressed oops, compressed class ptrs, g1 gc, windows-amd64)
GC Precious Log:
 CPUs: 8 total, 8 available
 Memory: 16198M
 Large Page Support: Disabled
 NUMA Support: Disabled
 Compressed Oops: Enabled (32-bit)
 Heap Region Size: 1M
 Heap Min Capacity: 8M
 Heap Initial Capacity: 254M
 Heap Max Capacity: 2G
 Pre-touch: Disabled
 Parallel Workers: 8
 Concurrent Workers: 2
 Concurrent Refinement Workers: 8
 Periodic GC: Disabled
Heap:
 garbage-first heap   total 399360K, used 322116K [0x0000000080000000, 0x0000000100000000)
  region size 1024K, 60 young (61440K), 7 survivors (7168K)
 Metaspace       used 181184K, committed 182272K, reserved 1245184K
  class space    used 23412K, committed 23936K, reserved 1048576K
GC Heap History (20 events):
Event: 21.676 GC heap before
{Heap before GC invocations=66 (full 0):
 garbage-first heap   total 399360K, used 332910K [0x0000000080000000, 0x0000000100000000)
  region size 1024K, 100 young (102400K), 6 survivors (6144K)
 Metaspace       used 161206K, committed 162176K, reserved 1245184K
  class space    used 21114K, committed 21568K, reserved 1048576K
}
Event: 21.681 GC heap after
{Heap after GC invocations=67 (full 0):
 garbage-first heap   total 399360K, used 238861K [0x0000000080000000, 0x0000000100000000)
  region size 1024K, 9 young (9216K), 9 survivors (9216K)
 Metaspace       used 161206K, committed 162176K, reserved 1245184K
  class space    used 21114K, committed 21568K, reserved 1048576K
}
Event: 22.418 GC heap before
{Heap before GC invocations=67 (full 0):
 garbage-first heap   total 399360K, used 334093K [0x0000000080000000, 0x0000000100000000)
  region size 1024K, 102 young (104448K), 9 survivors (9216K)
 Metaspace       used 161206K, committed 162176K, reserved 1245184K
  class space    used 21114K, committed 21568K, reserved 1048576K
}
Event: 22.424 GC heap after
{Heap after GC invocations=68 (full 0):
 garbage-first heap   total 399360K, used 242551K [0x0000000080000000, 0x0000000100000000)
  region size 1024K, 10 young (10240K), 10 survivors (10240K)
 Metaspace       used 161206K, committed 162176K, reserved 1245184K
  class space    used 21114K, committed 21568K, reserved 1048576K
}
Event: 22.972 GC heap before
{Heap before GC invocations=68 (full 0):
 garbage-first heap   total 399360K, used 335735K [0x0000000080000000, 0x0000000100000000)
  region size 1024K, 101 young (103424K), 10 survivors (10240K)
 Metaspace       used 161206K, committed 162176K, reserved 1245184K
  class space    used 21114K, committed 21568K, reserved 1048576K
}
Event: 22.978 GC heap after
{Heap after GC invocations=69 (full 0):
 garbage-first heap   total 399360K, used 245339K [0x0000000080000000, 0x0000000100000000)
  region size 1024K, 10 young (10240K), 10 survivors (10240K)
 Metaspace       used 161206K, committed 162176K, reserved 1245184K
  class space    used 21114K, committed 21568K, reserved 1048576K
}
Event: 23.409 GC heap before
{Heap before GC invocations=69 (full 0):
 garbage-first heap   total 399360K, used 337499K [0x0000000080000000, 0x0000000100000000)
  region size 1024K, 100 young (102400K), 10 survivors (10240K)
 Metaspace       used 161206K, committed 162176K, reserved 1245184K
  class space    used 21114K, committed 21568K, reserved 1048576K
}
Event: 23.416 GC heap after
{Heap after GC invocations=70 (full 0):
 garbage-first heap   total 399360K, used 247947K [0x0000000080000000, 0x0000000100000000)
  region size 1024K, 9 young (9216K), 9 survivors (9216K)
 Metaspace       used 161206K, committed 162176K, reserved 1245184K
  class space    used 21114K, committed 21568K, reserved 1048576K
}
Event: 23.792 GC heap before
{Heap before GC invocations=70 (full 0):
 garbage-first heap   total 399360K, used 339083K [0x0000000080000000, 0x0000000100000000)
  region size 1024K, 98 young (100352K), 9 survivors (9216K)
 Metaspace       used 161206K, committed 162176K, reserved 1245184K
  class space    used 21114K, committed 21568K, reserved 1048576K
}
Event: 23.799 GC heap after
{Heap after GC invocations=71 (full 0):
 garbage-first heap   total 399360K, used 250529K [0x0000000080000000, 0x0000000100000000)
  region size 1024K, 8 young (8192K), 8 survivors (8192K)
 Metaspace       used 161206K, committed 162176K, reserved 1245184K
  class space    used 21114K, committed 21568K, reserved 1048576K
}
Event: 24.369 GC heap before
{Heap before GC invocations=71 (full 0):
 garbage-first heap   total 399360K, used 340641K [0x0000000080000000, 0x0000000100000000)
  region size 1024K, 96 young (98304K), 8 survivors (8192K)
 Metaspace       used 161206K, committed 162176K, reserved 1245184K
  class space    used 21114K, committed 21568K, reserved 1048576K
}
Event: 24.379 GC heap after
{Heap after GC invocations=72 (full 0):
 garbage-first heap   total 399360K, used 253981K [0x0000000080000000, 0x0000000100000000)
  region size 1024K, 9 young (9216K), 9 survivors (9216K)
 Metaspace       used 161206K, committed 162176K, reserved 1245184K
  class space    used 21114K, committed 21568K, reserved 1048576K
}
Event: 24.982 GC heap before
{Heap before GC invocations=72 (full 0):
 garbage-first heap   total 399360K, used 348189K [0x0000000080000000, 0x0000000100000000)
  region size 1024K, 94 young (96256K), 9 survivors (9216K)
 Metaspace       used 163255K, committed 164160K, reserved 1245184K
  class space    used 21353K, committed 21760K, reserved 1048576K
}
Event: 24.990 GC heap after
{Heap after GC invocations=73 (full 0):
 garbage-first heap   total 399360K, used 256992K [0x0000000080000000, 0x0000000100000000)
  region size 1024K, 9 young (9216K), 9 survivors (9216K)
 Metaspace       used 163255K, committed 164160K, reserved 1245184K
  class space    used 21353K, committed 21760K, reserved 1048576K
}
Event: 25.833 GC heap before
{Heap before GC invocations=73 (full 0):
 garbage-first heap   total 399360K, used 340960K [0x0000000080000000, 0x0000000100000000)
  region size 1024K, 90 young (92160K), 9 survivors (9216K)
 Metaspace       used 171937K, committed 172928K, reserved 1245184K
  class space    used 22425K, committed 22848K, reserved 1048576K
}
Event: 25.840 GC heap after
{Heap after GC invocations=74 (full 0):
 garbage-first heap   total 399360K, used 260110K [0x0000000080000000, 0x0000000100000000)
  region size 1024K, 9 young (9216K), 9 survivors (9216K)
 Metaspace       used 171937K, committed 172928K, reserved 1245184K
  class space    used 22425K, committed 22848K, reserved 1048576K
}
Event: 26.594 GC heap before
{Heap before GC invocations=74 (full 0):
 garbage-first heap   total 399360K, used 345102K [0x0000000080000000, 0x0000000100000000)
  region size 1024K, 88 young (90112K), 9 survivors (9216K)
 Metaspace       used 176764K, committed 177856K, reserved 1245184K
  class space    used 22915K, committed 23424K, reserved 1048576K
}
Event: 26.604 GC heap after
{Heap after GC invocations=75 (full 0):
 garbage-first heap   total 399360K, used 264926K [0x0000000080000000, 0x0000000100000000)
  region size 1024K, 11 young (11264K), 11 survivors (11264K)
 Metaspace       used 176764K, committed 177856K, reserved 1245184K
  class space    used 22915K, committed 23424K, reserved 1048576K
}
Event: 27.053 GC heap before
{Heap before GC invocations=75 (full 0):
 garbage-first heap   total 399360K, used 339678K [0x0000000080000000, 0x0000000100000000)
  region size 1024K, 84 young (86016K), 11 survivors (11264K)
 Metaspace       used 178339K, committed 179392K, reserved 1245184K
  class space    used 23097K, committed 23616K, reserved 1048576K
}
Event: 27.064 GC heap after
{Heap after GC invocations=76 (full 0):
 garbage-first heap   total 399360K, used 268868K [0x0000000080000000, 0x0000000100000000)
  region size 1024K, 7 young (7168K), 7 survivors (7168K)
 Metaspace       used 178339K, committed 179392K, reserved 1245184K
  class space    used 23097K, committed 23616K, reserved 1048576K
}

