# JRE version: OpenJDK Runtime Environment (17.0.10) (build 17.0.10+0--11572160)
# Java VM: OpenJDK 64-Bit Server VM (17.0.10+0--11572160, mixed mode, tiered, compressed oops, compressed class ptrs, g1 gc, windows-amd64)
GC Precious Log:
 CPUs: 8 total, 8 available
 Memory: 16198M
 Large Page Support: Disabled
 NUMA Support: Disabled
 Compressed Oops: Enabled (32-bit)
 Heap Region Size: 1M
 Heap Min Capacity: 8M
 Heap Initial Capacity: 254M
 Heap Max Capacity: 2G
 Pre-touch: Disabled
 Parallel Workers: 8
 Concurrent Workers: 2
 Concurrent Refinement Workers: 8
 Periodic GC: Disabled
Heap:
 garbage-first heap   total 301056K, used 248310K [0x0000000080000000, 0x0000000100000000)
  region size 1024K, 100 young (102400K), 7 survivors (7168K)
 Metaspace       used 115601K, committed 116480K, reserved 1179648K
  class space    used 15674K, committed 16128K, reserved 1048576K
GC Heap History (20 events):
Event: 40.750 GC heap after
{Heap after GC invocations=43 (full 0):
 garbage-first heap   total 168960K, used 96035K [0x0000000080000000, 0x0000000100000000)
  region size 1024K, 2 young (2048K), 2 survivors (2048K)
 Metaspace       used 67161K, committed 67840K, reserved 1114112K
  class space    used 9082K, committed 9408K, reserved 1048576K
}
Event: 40.893 GC heap before
{Heap before GC invocations=43 (full 0):
 garbage-first heap   total 168960K, used 102179K [0x0000000080000000, 0x0000000100000000)
  region size 1024K, 8 young (8192K), 2 survivors (2048K)
 Metaspace       used 67920K, committed 68672K, reserved 1114112K
  class space    used 9177K, committed 9536K, reserved 1048576K
}
Event: 40.897 GC heap after
{Heap after GC invocations=44 (full 0):
 garbage-first heap   total 168960K, used 95992K [0x0000000080000000, 0x0000000100000000)
  region size 1024K, 1 young (1024K), 1 survivors (1024K)
 Metaspace       used 67920K, committed 68672K, reserved 1114112K
  class space    used 9177K, committed 9536K, reserved 1048576K
}
Event: 41.935 GC heap before
{Heap before GC invocations=44 (full 0):
 garbage-first heap   total 168960K, used 137976K [0x0000000080000000, 0x0000000100000000)
  region size 1024K, 38 young (38912K), 1 survivors (1024K)
 Metaspace       used 71469K, committed 72128K, reserved 1114112K
  class space    used 9659K, committed 9984K, reserved 1048576K
}
Event: 41.945 GC heap after
{Heap after GC invocations=45 (full 0):
 garbage-first heap   total 168960K, used 105421K [0x0000000080000000, 0x0000000100000000)
  region size 1024K, 5 young (5120K), 5 survivors (5120K)
 Metaspace       used 71469K, committed 72128K, reserved 1114112K
  class space    used 9659K, committed 9984K, reserved 1048576K
}
Event: 42.867 GC heap before
{Heap before GC invocations=46 (full 0):
 garbage-first heap   total 181248K, used 137165K [0x0000000080000000, 0x0000000100000000)
  region size 1024K, 35 young (35840K), 5 survivors (5120K)
 Metaspace       used 73481K, committed 74112K, reserved 1114112K
  class space    used 9943K, committed 10240K, reserved 1048576K
}
Event: 42.873 GC heap after
{Heap after GC invocations=47 (full 0):
 garbage-first heap   total 181248K, used 104372K [0x0000000080000000, 0x0000000100000000)
  region size 1024K, 2 young (2048K), 2 survivors (2048K)
 Metaspace       used 73481K, committed 74112K, reserved 1114112K
  class space    used 9943K, committed 10240K, reserved 1048576K
}
Event: 43.062 GC heap before
{Heap before GC invocations=47 (full 0):
 garbage-first heap   total 181248K, used 110516K [0x0000000080000000, 0x0000000100000000)
  region size 1024K, 8 young (8192K), 2 survivors (2048K)
 Metaspace       used 73920K, committed 74560K, reserved 1114112K
  class space    used 10002K, committed 10304K, reserved 1048576K
}
Event: 43.066 GC heap after
{Heap after GC invocations=48 (full 0):
 garbage-first heap   total 181248K, used 104421K [0x0000000080000000, 0x0000000100000000)
  region size 1024K, 1 young (1024K), 1 survivors (1024K)
 Metaspace       used 73920K, committed 74560K, reserved 1114112K
  class space    used 10002K, committed 10304K, reserved 1048576K
}
Event: 44.398 GC heap before
{Heap before GC invocations=48 (full 0):
 garbage-first heap   total 181248K, used 148453K [0x0000000080000000, 0x0000000100000000)
  region size 1024K, 41 young (41984K), 1 survivors (1024K)
 Metaspace       used 77621K, committed 78336K, reserved 1179648K
  class space    used 10501K, committed 10816K, reserved 1048576K
}
Event: 44.402 GC heap after
{Heap after GC invocations=49 (full 0):
 garbage-first heap   total 301056K, used 110850K [0x0000000080000000, 0x0000000100000000)
  region size 1024K, 3 young (3072K), 3 survivors (3072K)
 Metaspace       used 77621K, committed 78336K, reserved 1179648K
  class space    used 10501K, committed 10816K, reserved 1048576K
}
Event: 47.333 GC heap before
{Heap before GC invocations=49 (full 0):
 garbage-first heap   total 301056K, used 226562K [0x0000000080000000, 0x0000000100000000)
  region size 1024K, 116 young (118784K), 3 survivors (3072K)
 Metaspace       used 85173K, committed 85888K, reserved 1179648K
  class space    used 11534K, committed 11840K, reserved 1048576K
}
Event: 47.342 GC heap after
{Heap after GC invocations=50 (full 0):
 garbage-first heap   total 301056K, used 117706K [0x0000000080000000, 0x0000000100000000)
  region size 1024K, 10 young (10240K), 10 survivors (10240K)
 Metaspace       used 85173K, committed 85888K, reserved 1179648K
  class space    used 11534K, committed 11840K, reserved 1048576K
}
Event: 50.218 GC heap before
{Heap before GC invocations=50 (full 0):
 garbage-first heap   total 301056K, used 240586K [0x0000000080000000, 0x0000000100000000)
  region size 1024K, 129 young (132096K), 10 survivors (10240K)
 Metaspace       used 93341K, committed 94080K, reserved 1179648K
  class space    used 12901K, committed 13248K, reserved 1048576K
}
Event: 50.233 GC heap after
{Heap after GC invocations=51 (full 0):
 garbage-first heap   total 301056K, used 122950K [0x0000000080000000, 0x0000000100000000)
  region size 1024K, 12 young (12288K), 12 survivors (12288K)
 Metaspace       used 93341K, committed 94080K, reserved 1179648K
  class space    used 12901K, committed 13248K, reserved 1048576K
}
Event: 53.187 GC heap before
{Heap before GC invocations=51 (full 0):
 garbage-first heap   total 301056K, used 256070K [0x0000000080000000, 0x0000000100000000)
  region size 1024K, 130 young (133120K), 12 survivors (12288K)
 Metaspace       used 104579K, committed 105408K, reserved 1179648K
  class space    used 14373K, committed 14784K, reserved 1048576K
}
Event: 53.209 GC heap after
{Heap after GC invocations=52 (full 0):
 garbage-first heap   total 301056K, used 145296K [0x0000000080000000, 0x0000000100000000)
  region size 1024K, 16 young (16384K), 16 survivors (16384K)
 Metaspace       used 104579K, committed 105408K, reserved 1179648K
  class space    used 14373K, committed 14784K, reserved 1048576K
}
Event: 55.737 GC heap before
{Heap before GC invocations=52 (full 0):
 garbage-first heap   total 301056K, used 252816K [0x0000000080000000, 0x0000000100000000)
  region size 1024K, 117 young (119808K), 16 survivors (16384K)
 Metaspace       used 113585K, committed 114432K, reserved 1179648K
  class space    used 15450K, committed 15872K, reserved 1048576K
}
Event: 55.757 GC heap after
{Heap after GC invocations=53 (full 0):
 garbage-first heap   total 301056K, used 153078K [0x0000000080000000, 0x0000000100000000)
  region size 1024K, 9 young (9216K), 9 survivors (9216K)
 Metaspace       used 113585K, committed 114432K, reserved 1179648K
  class space    used 15450K, committed 15872K, reserved 1048576K
}
Event: 57.291 GC heap before
{Heap before GC invocations=53 (full 0):
 garbage-first heap   total 301056K, used 248310K [0x0000000080000000, 0x0000000100000000)
  region size 1024K, 102 young (104448K), 9 survivors (9216K)
 Metaspace       used 115601K, committed 116480K, reserved 1179648K
  class space    used 15674K, committed 16128K, reserved 1048576K
}

